Flow report for Hello_World
Thu May 07 15:32:43 2026
Quartus Prime Version 18.1.0 Build 625 09/12/2018 SJ Lite Edition


---------------------
; Table of Contents ;
---------------------
  1. Legal Notice
  2. Flow Summary
  3. Flow Settings
  4. Flow Non-Default Global Settings
  5. Flow Elapsed Time
  6. Flow OS Summary
  7. Flow Log
  8. Flow Messages
  9. Flow Suppressed Messages



----------------
; Legal Notice ;
----------------
Copyright (C) 2018  Intel Corporation. All rights reserved.
Your use of Intel Corporation's design tools, logic functions 
and other software and tools, and its AMPP partner logic 
functions, and any output files from any of the foregoing 
(including device programming or simulation files), and any 
associated documentation or information are expressly subject 
to the terms and conditions of the Intel Program License 
Subscription Agreement, the Intel Quartus Prime License Agreement,
the Intel FPGA IP License Agreement, or other applicable license
agreement, including, without limitation, that your use is for
the sole purpose of programming logic devices manufactured by
Intel and sold by Intel or its authorized distributors.  Please
refer to the applicable agreement for further details.



+-------------------------------------------------------------------------------+
; Flow Summary                                                                  ;
+---------------------------------+---------------------------------------------+
; Flow Status                     ; Successful - Thu May 07 15:32:35 2026       ;
; Quartus Prime Version           ; 18.1.0 Build 625 09/12/2018 SJ Lite Edition ;
; Revision Name                   ; Hello_World                                 ;
; Top-level Entity Name           ; HELLO_WORLD                                 ;
; Family                          ; Cyclone V                                   ;
; Device                          ; 5CEBA4F23C7                                 ;
; Timing Models                   ; Final                                       ;
; Logic utilization (in ALMs)     ; 43 / 18,480 ( < 1 % )                       ;
; Total registers                 ; 30                                          ;
; Total pins                      ; 15 / 224 ( 7 % )                            ;
; Total virtual pins              ; 0                                           ;
; Total block memory bits         ; 0 / 3,153,920 ( 0 % )                       ;
; Total DSP Blocks                ; 0 / 66 ( 0 % )                              ;
; Total HSSI RX PCSs              ; 0                                           ;
; Total HSSI PMA RX Deserializers ; 0                                           ;
; Total HSSI TX PCSs              ; 0                                           ;
; Total HSSI PMA TX Serializers   ; 0                                           ;
; Total PLLs                      ; 0 / 4 ( 0 % )                               ;
; Total DLLs                      ; 0 / 4 ( 0 % )                               ;
+---------------------------------+---------------------------------------------+


+-----------------------------------------+
; Flow Settings                           ;
+-------------------+---------------------+
; Option            ; Setting             ;
+-------------------+---------------------+
; Start date & time ; 05/07/2026 15:31:24 ;
; Main task         ; Compilation         ;
; Revision Name     ; Hello_World         ;
+-------------------+---------------------+


+-------------------------------------------------------------------------------------------------------------------------+
; Flow Non-Default Global Settings                                                                                        ;
+-------------------------------------+----------------------------------------+---------------+-------------+------------+
; Assignment Name                     ; Value                                  ; Default Value ; Entity Name ; Section Id ;
+-------------------------------------+----------------------------------------+---------------+-------------+------------+
; COMPILER_SIGNATURE_ID               ; 128457592813919.177812468423292        ; --            ; --          ; --         ;
; FITTER_EFFORT                       ; Standard Fit                           ; Auto Fit      ; --          ; --         ;
; OPTIMIZATION_TECHNIQUE              ; Speed                                  ; Balanced      ; --          ; --         ;
; OUTPUT_IO_TIMING_FAR_END_VMEAS      ; Half Signal Swing                      ; --            ; --          ; --         ;
; OUTPUT_IO_TIMING_FAR_END_VMEAS      ; Half Signal Swing                      ; --            ; --          ; --         ;
; OUTPUT_IO_TIMING_NEAR_END_VMEAS     ; Half Vccio                             ; --            ; --          ; --         ;
; OUTPUT_IO_TIMING_NEAR_END_VMEAS     ; Half Vccio                             ; --            ; --          ; --         ;
; PARTITION_COLOR                     ; -- (Not supported for targeted family) ; --            ; --          ; Top        ;
; PARTITION_FITTER_PRESERVATION_LEVEL ; -- (Not supported for targeted family) ; --            ; --          ; Top        ;
; PARTITION_NETLIST_TYPE              ; -- (Not supported for targeted family) ; --            ; --          ; Top        ;
; PROJECT_OUTPUT_DIRECTORY            ; output_files                           ; --            ; --          ; --         ;
+-------------------------------------+----------------------------------------+---------------+-------------+------------+


+--------------------------------------------------------------------------------------------------------------------------+
; Flow Elapsed Time                                                                                                        ;
+----------------------+--------------+-------------------------+---------------------+------------------------------------+
; Module Name          ; Elapsed Time ; Average Processors Used ; Peak Virtual Memory ; Total CPU Time (on all processors) ;
+----------------------+--------------+-------------------------+---------------------+------------------------------------+
; Analysis & Synthesis ; 00:00:15     ; 1.0                     ; 4913 MB             ; 00:00:28                           ;
; Fitter               ; 00:00:47     ; 1.0                     ; 7078 MB             ; 00:03:24                           ;
; Assembler            ; 00:00:07     ; 1.0                     ; 4819 MB             ; 00:00:06                           ;
; Timing Analyzer      ; 00:00:07     ; 1.1                     ; 5168 MB             ; 00:00:07                           ;
; Total                ; 00:01:16     ; --                      ; --                  ; 00:04:05                           ;
+----------------------+--------------+-------------------------+---------------------+------------------------------------+


+------------------------------------------------------------------------------------+
; Flow OS Summary                                                                    ;
+----------------------+------------------+------------+------------+----------------+
; Module Name          ; Machine Hostname ; OS Name    ; OS Version ; Processor type ;
+----------------------+------------------+------------+------------+----------------+
; Analysis & Synthesis ; The_Weakest      ; Windows 10 ; 10.0       ; x86_64         ;
; Fitter               ; The_Weakest      ; Windows 10 ; 10.0       ; x86_64         ;
; Assembler            ; The_Weakest      ; Windows 10 ; 10.0       ; x86_64         ;
; Timing Analyzer      ; The_Weakest      ; Windows 10 ; 10.0       ; x86_64         ;
+----------------------+------------------+------------+------------+----------------+


------------
; Flow Log ;
------------
quartus_map --read_settings_files=on --write_settings_files=off VGA_TEST -c Hello_World
quartus_fit --read_settings_files=off --write_settings_files=off VGA_TEST -c Hello_World
quartus_asm --read_settings_files=off --write_settings_files=off VGA_TEST -c Hello_World
quartus_sta VGA_TEST -c Hello_World



